  Trivial.cpp
C:\Users\skarb\Desktop\simple\Project1\Project1\Trivial.cpp(107,20): warning C4018: '<': signed 또는 unsigned가 일치하지 않습니다.
C:\Users\skarb\Desktop\simple\Project1\Project1\Trivial.cpp(152,20): warning C4018: '<': signed 또는 unsigned가 일치하지 않습니다.
C:\Users\skarb\Desktop\simple\Project1\Project1\Trivial.cpp(176,20): warning C4018: '<': signed 또는 unsigned가 일치하지 않습니다.
C:\Users\skarb\Desktop\simple\Project1\Project1\Trivial.cpp(178,21): warning C4018: '<': signed 또는 unsigned가 일치하지 않습니다.
C:\Users\skarb\Desktop\simple\Project1\Project1\Trivial.cpp(242,20): warning C4018: '<': signed 또는 unsigned가 일치하지 않습니다.
C:\Users\skarb\Desktop\simple\Project1\Project1\Trivial.cpp(253,26): warning C4305: '인수': 'int'에서 'const _Elem'(으)로 잘립니다.
          with
          [
              _Elem=char
          ]
C:\Users\skarb\Desktop\simple\Project1\Project1\Trivial.cpp(253,22): warning C4309: '인수': 상수 값이 잘립니다.
C:\Users\skarb\Desktop\simple\Project1\Project1\Trivial.cpp(260,20): warning C4018: '<': signed 또는 unsigned가 일치하지 않습니다.
C:\Users\skarb\Desktop\simple\Project1\Project1\Trivial.cpp(272,29): warning C4305: '인수': 'int'에서 'const _Elem'(으)로 잘립니다.
          with
          [
              _Elem=char
          ]
C:\Users\skarb\Desktop\simple\Project1\Project1\Trivial.cpp(272,25): warning C4309: '인수': 상수 값이 잘립니다.
C:\Users\skarb\Desktop\simple\Project1\Project1\Trivial.cpp(285,20): warning C4018: '<': signed 또는 unsigned가 일치하지 않습니다.
C:\Users\skarb\Desktop\simple\Project1\Project1\Trivial.cpp(296,20): warning C4018: '<': signed 또는 unsigned가 일치하지 않습니다.
C:\Users\skarb\Desktop\simple\Project1\Project1\Trivial.cpp(313,20): warning C4018: '<': signed 또는 unsigned가 일치하지 않습니다.
C:\Users\skarb\Desktop\simple\Project1\Project1\Trivial.cpp(317,29): warning C4018: '<': signed 또는 unsigned가 일치하지 않습니다.
C:\Users\skarb\Desktop\simple\Project1\Project1\Trivial.cpp(223,8): warning C4101: 'equalFactor' :참조되지 않은 지역 변수입니다.
  Project1.vcxproj -> C:\Users\skarb\Desktop\simple\Project1\Debug\Project1.exe
